<?xml version="1.0" encoding="UTF-8" ?>
<testsuite failures="0" time="1.046" errors="0" skipped="0" tests="1" name="com.aifuyun.search.build.FullIndexBuilderTest">
  <properties>
    <property name="java.runtime.name" value="Java(TM) SE Runtime Environment"/>
    <property name="sun.boot.library.path" value="C:\Program Files\Java\jdk1.6.0_21\jre\bin"/>
    <property name="java.vm.version" value="17.0-b17"/>
    <property name="java.vm.vendor" value="Sun Microsystems Inc."/>
    <property name="java.vendor.url" value="http://java.sun.com/"/>
    <property name="path.separator" value=";"/>
    <property name="java.vm.name" value="Java HotSpot(TM) Client VM"/>
    <property name="file.encoding.pkg" value="sun.io"/>
    <property name="user.country" value="CN"/>
    <property name="sun.java.launcher" value="SUN_STANDARD"/>
    <property name="sun.os.patch.level" value=""/>
    <property name="java.vm.specification.name" value="Java Virtual Machine Specification"/>
    <property name="user.dir" value="F:\longyi\java_work_set\hsl-projects\fuyun-search"/>
    <property name="java.runtime.version" value="1.6.0_21-b07"/>
    <property name="java.awt.graphicsenv" value="sun.awt.Win32GraphicsEnvironment"/>
    <property name="basedir" value="F:\longyi\java_work_set\hsl-projects\fuyun-search"/>
    <property name="java.endorsed.dirs" value="C:\Program Files\Java\jdk1.6.0_21\jre\lib\endorsed"/>
    <property name="os.arch" value="x86"/>
    <property name="surefire.real.class.path" value="C:\Users\ck\AppData\Local\Temp\surefirebooter4618373344123956175.jar"/>
    <property name="java.io.tmpdir" value="C:\Users\ck\AppData\Local\Temp\"/>
    <property name="line.separator" value="
"/>
    <property name="java.vm.specification.vendor" value="Sun Microsystems Inc."/>
    <property name="user.variant" value=""/>
    <property name="os.name" value="Windows 7"/>
    <property name="sun.jnu.encoding" value="GBK"/>
    <property name="java.library.path" value="C:\Program Files\Java\jdk1.6.0_21\jre\bin;.;C:\Windows\Sun\Java\bin;C:\Windows\system32;C:\Windows;C:\Program Files\CollabNet Subversion Client;C:\Windows\system32;C:\Windows;C:\Windows\System32\Wbem;C:\Windows\System32\WindowsPowerShell\v1.0\;D:\Program Files\MySQL\MySQL Server 5.1\bin;C:\Program Files\Java\jdk1.6.0_21\bin;C:\Program Files\Java\jdk1.6.0_21\jre\bin;F:\longyi\dev\apache-maven-2.2.1\bin;C:\Program Files\TortoiseSVN\bin;C:\Program Files\Common Files\Thunder Network\KanKan\Codecs;D:\Program Files\Microsoft Visual Studio\Common\Tools\WinNT;D:\Program Files\Microsoft Visual Studio\Common\MSDev98\Bin;D:\Program Files\Microsoft Visual Studio\Common\Tools;D:\Program Files\Microsoft Visual Studio\VC98\bin;d:\Program Files\StormII\Codec;d:\Program Files\StormII"/>
    <property name="surefire.test.class.path" value="F:\longyi\java_work_set\hsl-projects\fuyun-search\target\test-classes;F:\longyi\java_work_set\hsl-projects\fuyun-search\target\classes;f:\longyi\m2_rep\junit\junit\3.8.1\junit-3.8.1.jar;f:\longyi\m2_rep\javax\servlet\servlet-api\2.4\servlet-api-2.4.jar;f:\longyi\m2_rep\quartz\quartz\1.5.2\quartz-1.5.2.jar;f:\longyi\m2_rep\commons-logging\commons-logging\1.0.4\commons-logging-1.0.4.jar;f:\longyi\m2_rep\org\apache\solr\solr-core\1.4.1\solr-core-1.4.1.jar;f:\longyi\m2_rep\org\apache\solr\solr-solrj\1.4.1\solr-solrj-1.4.1.jar;f:\longyi\m2_rep\org\slf4j\slf4j-api\1.5.5\slf4j-api-1.5.5.jar;f:\longyi\m2_rep\commons-httpclient\commons-httpclient\3.1\commons-httpclient-3.1.jar;f:\longyi\m2_rep\commons-codec\commons-codec\1.3\commons-codec-1.3.jar;f:\longyi\m2_rep\commons-io\commons-io\2.0\commons-io-2.0.jar;f:\longyi\m2_rep\commons-fileupload\commons-fileupload\1.2.1\commons-fileupload-1.2.1.jar;f:\longyi\m2_rep\org\codehaus\woodstox\wstx-asl\3.2.7\wstx-asl-3.2.7.jar;f:\longyi\m2_rep\stax\stax-api\1.0.1\stax-api-1.0.1.jar;f:\longyi\m2_rep\org\apache\geronimo\specs\geronimo-stax-api_1.0_spec\1.0.1\geronimo-stax-api_1.0_spec-1.0.1.jar;f:\longyi\m2_rep\org\apache\lucene\lucene-analyzers\2.9.3\lucene-analyzers-2.9.3.jar;f:\longyi\m2_rep\org\apache\lucene\lucene-core\2.9.3\lucene-core-2.9.3.jar;f:\longyi\m2_rep\org\apache\lucene\lucene-highlighter\2.9.3\lucene-highlighter-2.9.3.jar;f:\longyi\m2_rep\org\apache\lucene\lucene-memory\2.9.3\lucene-memory-2.9.3.jar;f:\longyi\m2_rep\org\apache\lucene\lucene-queries\2.9.3\lucene-queries-2.9.3.jar;f:\longyi\m2_rep\org\apache\lucene\lucene-snowball\2.9.3\lucene-snowball-2.9.3.jar;f:\longyi\m2_rep\org\apache\lucene\lucene-misc\2.9.3\lucene-misc-2.9.3.jar;f:\longyi\m2_rep\org\apache\lucene\lucene-spellchecker\2.9.3\lucene-spellchecker-2.9.3.jar;f:\longyi\m2_rep\org\apache\solr\solr-commons-csv\1.4.1\solr-commons-csv-1.4.1.jar;f:\longyi\m2_rep\woodstox\wstx-asl\3.2.7\wstx-asl-3.2.7.jar;f:\longyi\m2_rep\org\slf4j\slf4j-log4j12\1.5.5\slf4j-log4j12-1.5.5.jar;f:\longyi\m2_rep\log4j\log4j\1.2.12\log4j-1.2.12.jar;"/>
    <property name="java.specification.name" value="Java Platform API Specification"/>
    <property name="java.class.version" value="50.0"/>
    <property name="sun.management.compiler" value="HotSpot Client Compiler"/>
    <property name="os.version" value="6.1"/>
    <property name="user.home" value="C:\Users\ck"/>
    <property name="user.timezone" value="Asia/Shanghai"/>
    <property name="java.awt.printerjob" value="sun.awt.windows.WPrinterJob"/>
    <property name="java.specification.version" value="1.6"/>
    <property name="file.encoding" value="GBK"/>
    <property name="user.name" value="ck"/>
    <property name="java.class.path" value="F:\longyi\java_work_set\hsl-projects\fuyun-search\target\test-classes;F:\longyi\java_work_set\hsl-projects\fuyun-search\target\classes;f:\longyi\m2_rep\junit\junit\3.8.1\junit-3.8.1.jar;f:\longyi\m2_rep\javax\servlet\servlet-api\2.4\servlet-api-2.4.jar;f:\longyi\m2_rep\quartz\quartz\1.5.2\quartz-1.5.2.jar;f:\longyi\m2_rep\commons-logging\commons-logging\1.0.4\commons-logging-1.0.4.jar;f:\longyi\m2_rep\org\apache\solr\solr-core\1.4.1\solr-core-1.4.1.jar;f:\longyi\m2_rep\org\apache\solr\solr-solrj\1.4.1\solr-solrj-1.4.1.jar;f:\longyi\m2_rep\org\slf4j\slf4j-api\1.5.5\slf4j-api-1.5.5.jar;f:\longyi\m2_rep\commons-httpclient\commons-httpclient\3.1\commons-httpclient-3.1.jar;f:\longyi\m2_rep\commons-codec\commons-codec\1.3\commons-codec-1.3.jar;f:\longyi\m2_rep\commons-io\commons-io\2.0\commons-io-2.0.jar;f:\longyi\m2_rep\commons-fileupload\commons-fileupload\1.2.1\commons-fileupload-1.2.1.jar;f:\longyi\m2_rep\org\codehaus\woodstox\wstx-asl\3.2.7\wstx-asl-3.2.7.jar;f:\longyi\m2_rep\stax\stax-api\1.0.1\stax-api-1.0.1.jar;f:\longyi\m2_rep\org\apache\geronimo\specs\geronimo-stax-api_1.0_spec\1.0.1\geronimo-stax-api_1.0_spec-1.0.1.jar;f:\longyi\m2_rep\org\apache\lucene\lucene-analyzers\2.9.3\lucene-analyzers-2.9.3.jar;f:\longyi\m2_rep\org\apache\lucene\lucene-core\2.9.3\lucene-core-2.9.3.jar;f:\longyi\m2_rep\org\apache\lucene\lucene-highlighter\2.9.3\lucene-highlighter-2.9.3.jar;f:\longyi\m2_rep\org\apache\lucene\lucene-memory\2.9.3\lucene-memory-2.9.3.jar;f:\longyi\m2_rep\org\apache\lucene\lucene-queries\2.9.3\lucene-queries-2.9.3.jar;f:\longyi\m2_rep\org\apache\lucene\lucene-snowball\2.9.3\lucene-snowball-2.9.3.jar;f:\longyi\m2_rep\org\apache\lucene\lucene-misc\2.9.3\lucene-misc-2.9.3.jar;f:\longyi\m2_rep\org\apache\lucene\lucene-spellchecker\2.9.3\lucene-spellchecker-2.9.3.jar;f:\longyi\m2_rep\org\apache\solr\solr-commons-csv\1.4.1\solr-commons-csv-1.4.1.jar;f:\longyi\m2_rep\woodstox\wstx-asl\3.2.7\wstx-asl-3.2.7.jar;f:\longyi\m2_rep\org\slf4j\slf4j-log4j12\1.5.5\slf4j-log4j12-1.5.5.jar;f:\longyi\m2_rep\log4j\log4j\1.2.12\log4j-1.2.12.jar;"/>
    <property name="java.vm.specification.version" value="1.0"/>
    <property name="sun.arch.data.model" value="32"/>
    <property name="java.home" value="C:\Program Files\Java\jdk1.6.0_21\jre"/>
    <property name="java.specification.vendor" value="Sun Microsystems Inc."/>
    <property name="user.language" value="zh"/>
    <property name="awt.toolkit" value="sun.awt.windows.WToolkit"/>
    <property name="java.vm.info" value="mixed mode, sharing"/>
    <property name="java.version" value="1.6.0_21"/>
    <property name="java.ext.dirs" value="C:\Program Files\Java\jdk1.6.0_21\jre\lib\ext;C:\Windows\Sun\Java\lib\ext"/>
    <property name="sun.boot.class.path" value="C:\Program Files\Java\jdk1.6.0_21\jre\lib\resources.jar;C:\Program Files\Java\jdk1.6.0_21\jre\lib\rt.jar;C:\Program Files\Java\jdk1.6.0_21\jre\lib\sunrsasign.jar;C:\Program Files\Java\jdk1.6.0_21\jre\lib\jsse.jar;C:\Program Files\Java\jdk1.6.0_21\jre\lib\jce.jar;C:\Program Files\Java\jdk1.6.0_21\jre\lib\charsets.jar;C:\Program Files\Java\jdk1.6.0_21\jre\classes"/>
    <property name="java.vendor" value="Sun Microsystems Inc."/>
    <property name="localRepository" value="f:/longyi/m2_rep"/>
    <property name="file.separator" value="\"/>
    <property name="java.vendor.url.bug" value="http://java.sun.com/cgi-bin/bugreport.cgi"/>
    <property name="sun.cpu.endian" value="little"/>
    <property name="sun.io.unicode.encoding" value="UnicodeLittle"/>
    <property name="sun.desktop" value="windows"/>
    <property name="sun.cpu.isalist" value="pentium_pro+mmx pentium_pro pentium+mmx pentium i486 i386 i86"/>
  </properties>
  <testcase time="1.046" classname="com.aifuyun.search.build.FullIndexBuilderTest" name="testBuild"/>
</testsuite>